d:\julio\documents\fing\10 semestre\compgraf avanzada\obligatorio2\lab2\project\x64\debug\vc142.pdb
d:\julio\documents\fing\10 semestre\compgraf avanzada\obligatorio2\lab2\project\x64\debug\vc142.idb
d:\julio\documents\fing\10 semestre\compgraf avanzada\obligatorio2\lab2\project\x64\debug\shader.obj
d:\julio\documents\fing\10 semestre\compgraf avanzada\obligatorio2\lab2\project\x64\debug\renderer.obj
d:\julio\documents\fing\10 semestre\compgraf avanzada\obligatorio2\lab2\project\x64\debug\renderable.obj
d:\julio\documents\fing\10 semestre\compgraf avanzada\obligatorio2\lab2\project\x64\debug\mesh.obj
d:\julio\documents\fing\10 semestre\compgraf avanzada\obligatorio2\lab2\project\x64\debug\mainrenderer.obj
d:\julio\documents\fing\10 semestre\compgraf avanzada\obligatorio2\lab2\project\x64\debug\main.obj
d:\julio\documents\fing\10 semestre\compgraf avanzada\obligatorio2\lab2\project\x64\debug\camera.obj
d:\julio\documents\fing\10 semestre\compgraf avanzada\obligatorio2\lab2\project\x64\debug\waterframebuffer.obj
d:\julio\documents\fing\10 semestre\compgraf avanzada\obligatorio2\lab2\project\x64\debug\math.obj
d:\julio\documents\fing\10 semestre\compgraf avanzada\obligatorio2\lab2\project\x64\debug\light.obj
d:\julio\documents\fing\10 semestre\compgraf avanzada\obligatorio2\lab2\project\x64\debug\itickable.obj
d:\julio\documents\fing\10 semestre\compgraf avanzada\obligatorio2\lab2\project\x64\debug\collisionmanager.obj
d:\julio\documents\fing\10 semestre\compgraf avanzada\obligatorio2\lab2\project\x64\debug\colliderfloor.obj
d:\julio\documents\fing\10 semestre\compgraf avanzada\obligatorio2\lab2\project\x64\debug\collider.obj
d:\julio\documents\fing\10 semestre\compgraf avanzada\obligatorio2\lab2\project\x64\debug\vertexarray.obj
d:\julio\documents\fing\10 semestre\compgraf avanzada\obligatorio2\lab2\project\x64\debug\indexbuffer.obj
d:\julio\documents\fing\10 semestre\compgraf avanzada\obligatorio2\lab2\project\x64\debug\buffer.obj
d:\julio\documents\fing\10 semestre\compgraf avanzada\obligatorio2\lab2\project\x64\debug\character.obj
d:\julio\documents\fing\10 semestre\compgraf avanzada\obligatorio2\lab2\project\x64\debug\display.obj
d:\julio\documents\fing\10 semestre\compgraf avanzada\obligatorio2\lab2\project\x64\debug\gamescene.obj
d:\julio\documents\fing\10 semestre\compgraf avanzada\obligatorio2\lab2\project\x64\debug\waterrenderer.obj
d:\julio\documents\fing\10 semestre\compgraf avanzada\obligatorio2\lab2\project\x64\debug\tickengine.obj
d:\julio\documents\fing\10 semestre\compgraf avanzada\obligatorio2\lab2\project\x64\debug\texture.obj
d:\julio\documents\fing\10 semestre\compgraf avanzada\obligatorio2\lab2\project\x64\debug\guirenderer.obj
d:\julio\documents\fing\10 semestre\compgraf avanzada\obligatorio2\lab2\project\x64\debug\skyboxrenderer.obj
d:\julio\documents\fing\10 semestre\compgraf avanzada\obligatorio2\lab2\project\x64\debug\glad.obj
d:\julio\documents\fing\10 semestre\compgraf avanzada\obligatorio2\lab2\project\x64\debug\vcpkg.applocal.log
d:\julio\documents\fing\10 semestre\compgraf avanzada\obligatorio2\lab2\project\x64\debug\jpeg62.dll
d:\julio\documents\fing\10 semestre\compgraf avanzada\obligatorio2\lab2\project\x64\debug\openjp2.dll
d:\julio\documents\fing\10 semestre\compgraf avanzada\obligatorio2\lab2\project\x64\debug\lab2.ilk
d:\julio\documents\fing\10 semestre\compgraf avanzada\obligatorio2\lab2\project\x64\debug\lab2.exe
d:\julio\documents\fing\10 semestre\compgraf avanzada\obligatorio2\lab2\project\x64\debug\lab2.pdb
d:\julio\documents\fing\10 semestre\compgraf avanzada\obligatorio2\lab2\project\x64\debug\lab2.tlog\cl.command.1.tlog
d:\julio\documents\fing\10 semestre\compgraf avanzada\obligatorio2\lab2\project\x64\debug\lab2.tlog\cl.read.1.tlog
d:\julio\documents\fing\10 semestre\compgraf avanzada\obligatorio2\lab2\project\x64\debug\lab2.tlog\cl.write.1.tlog
d:\julio\documents\fing\10 semestre\compgraf avanzada\obligatorio2\lab2\project\x64\debug\lab2.tlog\lab2.write.1u.tlog
d:\julio\documents\fing\10 semestre\compgraf avanzada\obligatorio2\lab2\project\x64\debug\lab2.tlog\link.command.1.tlog
d:\julio\documents\fing\10 semestre\compgraf avanzada\obligatorio2\lab2\project\x64\debug\lab2.tlog\link.read.1.tlog
d:\julio\documents\fing\10 semestre\compgraf avanzada\obligatorio2\lab2\project\x64\debug\lab2.tlog\link.write.1.tlog
