d:\julio\documents\fing\10 semestre\compgraf avanzada\obligatorio2\lab2\project\x64\release\vc142.pdb
d:\julio\documents\fing\10 semestre\compgraf avanzada\obligatorio2\lab2\project\x64\release\texture.obj
d:\julio\documents\fing\10 semestre\compgraf avanzada\obligatorio2\lab2\project\x64\release\shader.obj
d:\julio\documents\fing\10 semestre\compgraf avanzada\obligatorio2\lab2\project\x64\release\model.obj
d:\julio\documents\fing\10 semestre\compgraf avanzada\obligatorio2\lab2\project\x64\release\mesh.obj
d:\julio\documents\fing\10 semestre\compgraf avanzada\obligatorio2\lab2\project\x64\release\main.obj
d:\julio\documents\fing\10 semestre\compgraf avanzada\obligatorio2\lab2\project\x64\release\vertexarray.obj
d:\julio\documents\fing\10 semestre\compgraf avanzada\obligatorio2\lab2\project\x64\release\indexbuffer.obj
d:\julio\documents\fing\10 semestre\compgraf avanzada\obligatorio2\lab2\project\x64\release\buffer.obj
d:\julio\documents\fing\10 semestre\compgraf avanzada\obligatorio2\lab2\project\x64\release\glad.obj
d:\julio\documents\fing\10 semestre\compgraf avanzada\obligatorio2\lab2\project\x64\release\waterrenderer.obj
d:\julio\documents\fing\10 semestre\compgraf avanzada\obligatorio2\lab2\project\x64\release\water.obj
d:\julio\documents\fing\10 semestre\compgraf avanzada\obligatorio2\lab2\project\x64\release\renderer.obj
d:\julio\documents\fing\10 semestre\compgraf avanzada\obligatorio2\lab2\project\x64\release\renderable.obj
d:\julio\documents\fing\10 semestre\compgraf avanzada\obligatorio2\lab2\project\x64\release\mainrenderer.obj
d:\julio\documents\fing\10 semestre\compgraf avanzada\obligatorio2\lab2\project\x64\release\camera.obj
d:\julio\documents\fing\10 semestre\compgraf avanzada\obligatorio2\lab2\project\x64\release\waterframebuffer.obj
d:\julio\documents\fing\10 semestre\compgraf avanzada\obligatorio2\lab2\project\x64\release\math.obj
d:\julio\documents\fing\10 semestre\compgraf avanzada\obligatorio2\lab2\project\x64\release\collisionmanager.obj
d:\julio\documents\fing\10 semestre\compgraf avanzada\obligatorio2\lab2\project\x64\release\colliderfloor.obj
d:\julio\documents\fing\10 semestre\compgraf avanzada\obligatorio2\lab2\project\x64\release\collider.obj
d:\julio\documents\fing\10 semestre\compgraf avanzada\obligatorio2\lab2\project\x64\release\timeframe.obj
d:\julio\documents\fing\10 semestre\compgraf avanzada\obligatorio2\lab2\project\x64\release\lab2.ipdb
d:\julio\documents\fing\10 semestre\compgraf avanzada\obligatorio2\lab2\project\x64\release\lab2.iobj
d:\julio\documents\fing\10 semestre\compgraf avanzada\obligatorio2\lab2\project\x64\release\vcpkg.applocal.log
d:\julio\documents\fing\10 semestre\compgraf avanzada\obligatorio2\lab2\project\x64\release\freeimage.dll
d:\julio\documents\fing\10 semestre\compgraf avanzada\obligatorio2\lab2\project\x64\release\zlib1.dll
d:\julio\documents\fing\10 semestre\compgraf avanzada\obligatorio2\lab2\project\x64\release\jpeg62.dll
d:\julio\documents\fing\10 semestre\compgraf avanzada\obligatorio2\lab2\project\x64\release\tiff.dll
d:\julio\documents\fing\10 semestre\compgraf avanzada\obligatorio2\lab2\project\x64\release\lzma.dll
d:\julio\documents\fing\10 semestre\compgraf avanzada\obligatorio2\lab2\project\x64\release\libpng16.dll
d:\julio\documents\fing\10 semestre\compgraf avanzada\obligatorio2\lab2\project\x64\release\openjp2.dll
d:\julio\documents\fing\10 semestre\compgraf avanzada\obligatorio2\lab2\project\x64\release\webp.dll
d:\julio\documents\fing\10 semestre\compgraf avanzada\obligatorio2\lab2\project\x64\release\libwebpmux.dll
d:\julio\documents\fing\10 semestre\compgraf avanzada\obligatorio2\lab2\project\x64\release\raw_r.dll
d:\julio\documents\fing\10 semestre\compgraf avanzada\obligatorio2\lab2\project\x64\release\jasper.dll
d:\julio\documents\fing\10 semestre\compgraf avanzada\obligatorio2\lab2\project\x64\release\ilmimf-2_3.dll
d:\julio\documents\fing\10 semestre\compgraf avanzada\obligatorio2\lab2\project\x64\release\half-2_3.dll
d:\julio\documents\fing\10 semestre\compgraf avanzada\obligatorio2\lab2\project\x64\release\imath-2_3.dll
d:\julio\documents\fing\10 semestre\compgraf avanzada\obligatorio2\lab2\project\x64\release\iex-2_3.dll
d:\julio\documents\fing\10 semestre\compgraf avanzada\obligatorio2\lab2\project\x64\release\ilmthread-2_3.dll
d:\julio\documents\fing\10 semestre\compgraf avanzada\obligatorio2\lab2\project\x64\release\lab2.exe
d:\julio\documents\fing\10 semestre\compgraf avanzada\obligatorio2\lab2\project\x64\release\lab2.pdb
d:\julio\documents\fing\10 semestre\compgraf avanzada\obligatorio2\lab2\project\x64\release\lab2.tlog\cl.command.1.tlog
d:\julio\documents\fing\10 semestre\compgraf avanzada\obligatorio2\lab2\project\x64\release\lab2.tlog\cl.read.1.tlog
d:\julio\documents\fing\10 semestre\compgraf avanzada\obligatorio2\lab2\project\x64\release\lab2.tlog\cl.write.1.tlog
d:\julio\documents\fing\10 semestre\compgraf avanzada\obligatorio2\lab2\project\x64\release\lab2.tlog\lab2.write.1u.tlog
d:\julio\documents\fing\10 semestre\compgraf avanzada\obligatorio2\lab2\project\x64\release\lab2.tlog\link.command.1.tlog
d:\julio\documents\fing\10 semestre\compgraf avanzada\obligatorio2\lab2\project\x64\release\lab2.tlog\link.read.1.tlog
d:\julio\documents\fing\10 semestre\compgraf avanzada\obligatorio2\lab2\project\x64\release\lab2.tlog\link.write.1.tlog
